<?xml version="1.0" encoding="UTF-8"?>
<coverage generated="1752716667">
  <project timestamp="1752716667">
    <package name="Ferreiramg\TecnospeedSerasa\DTOs">
      <file name="D:\serasa\src\DTOs\ConsultationRequest.php">
        <class name="Ferreiramg\TecnospeedSerasa\DTOs\ConsultationRequest" namespace="Ferreiramg\TecnospeedSerasa\DTOs">
          <metrics complexity="8" methods="7" coveredmethods="7" conditionals="0" coveredconditionals="0" statements="22" coveredstatements="22" elements="29" coveredelements="29"/>
        </class>
        <line num="7" type="method" name="__construct" visibility="public" complexity="1" crap="1" count="6"/>
        <line num="12" type="stmt" count="6"/>
        <line num="14" type="method" name="toArray" visibility="public" complexity="2" crap="2" count="3"/>
        <line num="16" type="stmt" count="3"/>
        <line num="17" type="stmt" count="3"/>
        <line num="18" type="stmt" count="3"/>
        <line num="19" type="stmt" count="3"/>
        <line num="20" type="stmt" count="3"/>
        <line num="22" type="stmt" count="3"/>
        <line num="23" type="stmt" count="3"/>
        <line num="26" type="stmt" count="3"/>
        <line num="29" type="method" name="getDocumento" visibility="public" complexity="1" crap="1" count="1"/>
        <line num="31" type="stmt" count="1"/>
        <line num="34" type="method" name="getCodConsulta" visibility="public" complexity="1" crap="1" count="1"/>
        <line num="36" type="stmt" count="1"/>
        <line num="39" type="method" name="getUf" visibility="public" complexity="1" crap="1" count="1"/>
        <line num="41" type="stmt" count="1"/>
        <line num="44" type="method" name="getRetorno" visibility="public" complexity="1" crap="1" count="1"/>
        <line num="46" type="stmt" count="1"/>
        <line num="49" type="method" name="getHeaders" visibility="public" complexity="1" crap="1" count="3"/>
        <line num="51" type="stmt" count="3"/>
        <line num="52" type="stmt" count="3"/>
        <line num="53" type="stmt" count="3"/>
        <line num="54" type="stmt" count="3"/>
        <line num="55" type="stmt" count="3"/>
        <line num="56" type="stmt" count="3"/>
        <line num="57" type="stmt" count="3"/>
        <line num="58" type="stmt" count="3"/>
        <line num="59" type="stmt" count="3"/>
        <metrics loc="62" ncloc="62" classes="1" methods="7" coveredmethods="7" conditionals="0" coveredconditionals="0" statements="22" coveredstatements="22" elements="29" coveredelements="29"/>
      </file>
      <file name="D:\serasa\src\DTOs\ConsultationResponse.php">
        <class name="Ferreiramg\TecnospeedSerasa\DTOs\ConsultationResponse" namespace="Ferreiramg\TecnospeedSerasa\DTOs">
          <metrics complexity="29" methods="21" coveredmethods="20" conditionals="0" coveredconditionals="0" statements="28" coveredstatements="27" elements="49" coveredelements="47"/>
        </class>
        <line num="9" type="method" name="__construct" visibility="public" complexity="1" crap="1" count="17"/>
        <line num="11" type="stmt" count="17"/>
        <line num="14" type="method" name="getData" visibility="public" complexity="1" crap="1" count="2"/>
        <line num="16" type="stmt" count="2"/>
        <line num="19" type="method" name="getProtocolo" visibility="public" complexity="1" crap="1" count="4"/>
        <line num="21" type="stmt" count="4"/>
        <line num="24" type="method" name="getStatus" visibility="public" complexity="1" crap="1" count="11"/>
        <line num="26" type="stmt" count="11"/>
        <line num="29" type="method" name="getDocumento" visibility="public" complexity="1" crap="1" count="2"/>
        <line num="31" type="stmt" count="2"/>
        <line num="34" type="method" name="getCodConsulta" visibility="public" complexity="1" crap="1" count="1"/>
        <line num="36" type="stmt" count="1"/>
        <line num="40" type="method" name="getCode" visibility="public" complexity="1" crap="1" count="5"/>
        <line num="42" type="stmt" count="5"/>
        <line num="45" type="method" name="getMessage" visibility="public" complexity="1" crap="1" count="2"/>
        <line num="47" type="stmt" count="2"/>
        <line num="50" type="method" name="getErrors" visibility="public" complexity="1" crap="1" count="2"/>
        <line num="52" type="stmt" count="2"/>
        <line num="55" type="method" name="getInternalCode" visibility="public" complexity="2" crap="2" count="1"/>
        <line num="57" type="stmt" count="1"/>
        <line num="59" type="stmt" count="1"/>
        <line num="62" type="method" name="getErrorMessage" visibility="public" complexity="2" crap="2.06" count="1"/>
        <line num="64" type="stmt" count="1"/>
        <line num="65" type="stmt" count="1"/>
        <line num="66" type="stmt" count="1"/>
        <line num="69" type="stmt" count="0"/>
        <line num="73" type="method" name="getResultado" visibility="public" complexity="1" crap="1" count="3"/>
        <line num="75" type="stmt" count="3"/>
        <line num="78" type="method" name="getHtml" visibility="public" complexity="1" crap="1" count="1"/>
        <line num="80" type="stmt" count="1"/>
        <line num="83" type="method" name="isSuccess" visibility="public" complexity="5" crap="5" count="7"/>
        <line num="85" type="stmt" count="7"/>
        <line num="86" type="stmt" count="7"/>
        <line num="87" type="stmt" count="7"/>
        <line num="88" type="stmt" count="7"/>
        <line num="91" type="method" name="hasError" visibility="public" complexity="2" crap="2" count="2"/>
        <line num="93" type="stmt" count="2"/>
        <line num="96" type="method" name="isProcessing" visibility="public" complexity="1" crap="1" count="2"/>
        <line num="98" type="stmt" count="2"/>
        <line num="101" type="method" name="isCompleted" visibility="public" complexity="2" crap="2" count="6"/>
        <line num="103" type="stmt" count="6"/>
        <line num="106" type="method" name="isUnauthorized" visibility="public" complexity="1" crap="1" count="1"/>
        <line num="108" type="stmt" count="1"/>
        <line num="111" type="method" name="isUnprocessableEntity" visibility="public" complexity="1" crap="1" count="1"/>
        <line num="113" type="stmt" count="1"/>
        <line num="116" type="method" name="toArray" visibility="public" complexity="1" crap="1" count="1"/>
        <line num="118" type="stmt" count="1"/>
        <line num="121" type="method" name="toJson" visibility="public" complexity="1" crap="1" count="1"/>
        <line num="123" type="stmt" count="1"/>
        <metrics loc="126" ncloc="124" classes="1" methods="21" coveredmethods="20" conditionals="0" coveredconditionals="0" statements="28" coveredstatements="27" elements="49" coveredelements="47"/>
      </file>
    </package>
    <package name="Ferreiramg\TecnospeedSerasa\Exceptions">
      <file name="D:\serasa\src\Exceptions\TecnospeedSerasaException.php">
        <class name="Ferreiramg\TecnospeedSerasa\Exceptions\TecnospeedSerasaException" namespace="Ferreiramg\TecnospeedSerasa\Exceptions">
          <metrics complexity="1" methods="1" coveredmethods="1" conditionals="0" coveredconditionals="0" statements="1" coveredstatements="1" elements="2" coveredelements="2"/>
        </class>
        <line num="9" type="method" name="__construct" visibility="public" complexity="1" crap="1" count="6"/>
        <line num="14" type="stmt" count="6"/>
        <metrics loc="17" ncloc="17" classes="1" methods="1" coveredmethods="1" conditionals="0" coveredconditionals="0" statements="1" coveredstatements="1" elements="2" coveredelements="2"/>
      </file>
    </package>
    <package name="Ferreiramg\TecnospeedSerasa\Facades">
      <file name="D:\serasa\src\Facades\TecnospeedSerasa.php">
        <class name="Ferreiramg\TecnospeedSerasa\Facades\TecnospeedSerasa" namespace="Ferreiramg\TecnospeedSerasa\Facades">
          <metrics complexity="1" methods="1" coveredmethods="1" conditionals="0" coveredconditionals="0" statements="1" coveredstatements="1" elements="2" coveredelements="2"/>
        </class>
        <line num="17" type="method" name="getFacadeAccessor" visibility="protected" complexity="1" crap="1" count="3"/>
        <line num="19" type="stmt" count="3"/>
        <metrics loc="22" ncloc="14" classes="1" methods="1" coveredmethods="1" conditionals="0" coveredconditionals="0" statements="1" coveredstatements="1" elements="2" coveredelements="2"/>
      </file>
    </package>
    <package name="Ferreiramg\TecnospeedSerasa\Services">
      <file name="D:\serasa\src\Services\TecnospeedSerasaService.php">
        <class name="Ferreiramg\TecnospeedSerasa\Services\TecnospeedSerasaService" namespace="Ferreiramg\TecnospeedSerasa\Services">
          <metrics complexity="37" methods="12" coveredmethods="7" conditionals="0" coveredconditionals="0" statements="88" coveredstatements="63" elements="100" coveredelements="70"/>
        </class>
        <line num="17" type="method" name="__construct" visibility="public" complexity="1" crap="1" count="12"/>
        <line num="19" type="stmt" count="12"/>
        <line num="21" type="stmt" count="12"/>
        <line num="23" type="stmt" count="12"/>
        <line num="24" type="stmt" count="12"/>
        <line num="25" type="stmt" count="12"/>
        <line num="26" type="stmt" count="12"/>
        <line num="27" type="stmt" count="12"/>
        <line num="33" type="method" name="getBaseUrl" visibility="private" complexity="1" crap="1" count="12"/>
        <line num="35" type="stmt" count="12"/>
        <line num="37" type="stmt" count="12"/>
        <line num="43" type="method" name="solicitarConsulta" visibility="public" complexity="2" crap="2.03" count="3"/>
        <line num="45" type="stmt" count="3"/>
        <line num="48" type="stmt" count="2"/>
        <line num="50" type="stmt" count="2"/>
        <line num="51" type="stmt" count="2"/>
        <line num="52" type="stmt" count="2"/>
        <line num="53" type="stmt" count="2"/>
        <line num="55" type="stmt" count="2"/>
        <line num="57" type="stmt" count="2"/>
        <line num="59" type="stmt" count="0"/>
        <line num="60" type="stmt" count="0"/>
        <line num="67" type="method" name="consultarPorDocumento" visibility="public" complexity="2" crap="2" count="2"/>
        <line num="73" type="stmt" count="2"/>
        <line num="74" type="stmt" count="1"/>
        <line num="77" type="stmt" count="1"/>
        <line num="79" type="stmt" count="1"/>
        <line num="85" type="method" name="consultarProtocolo" visibility="public" complexity="2" crap="2.01" count="1"/>
        <line num="87" type="stmt" count="1"/>
        <line num="90" type="stmt" count="1"/>
        <line num="91" type="stmt" count="1"/>
        <line num="92" type="stmt" count="1"/>
        <line num="93" type="stmt" count="1"/>
        <line num="94" type="stmt" count="1"/>
        <line num="95" type="stmt" count="1"/>
        <line num="96" type="stmt" count="1"/>
        <line num="97" type="stmt" count="1"/>
        <line num="99" type="stmt" count="1"/>
        <line num="100" type="stmt" count="1"/>
        <line num="101" type="stmt" count="1"/>
        <line num="103" type="stmt" count="1"/>
        <line num="105" type="stmt" count="1"/>
        <line num="107" type="stmt" count="0"/>
        <line num="108" type="stmt" count="0"/>
        <line num="115" type="method" name="validarDocumento" visibility="public" complexity="3" crap="3.04" count="4"/>
        <line num="117" type="stmt" count="4"/>
        <line num="120" type="stmt" count="4"/>
        <line num="121" type="stmt" count="3"/>
        <line num="125" type="stmt" count="1"/>
        <line num="126" type="stmt" count="1"/>
        <line num="129" type="stmt" count="0"/>
        <line num="135" type="method" name="validateCredentials" visibility="private" complexity="3" crap="3" count="4"/>
        <line num="137" type="stmt" count="4"/>
        <line num="139" type="stmt" count="4"/>
        <line num="140" type="stmt" count="4"/>
        <line num="141" type="stmt" count="1"/>
        <line num="151" type="method" name="handleGuzzleException" visibility="private" complexity="8" crap="72" count="0"/>
        <line num="153" type="stmt" count="0"/>
        <line num="155" type="stmt" count="0"/>
        <line num="156" type="stmt" count="0"/>
        <line num="157" type="stmt" count="0"/>
        <line num="159" type="stmt" count="0"/>
        <line num="160" type="stmt" count="0"/>
        <line num="161" type="stmt" count="0"/>
        <line num="164" type="stmt" count="0"/>
        <line num="165" type="stmt" count="0"/>
        <line num="166" type="stmt" count="0"/>
        <line num="167" type="stmt" count="0"/>
        <line num="169" type="stmt" count="0"/>
        <line num="174" type="stmt" count="0"/>
        <line num="180" type="method" name="validarCPF" visibility="private" complexity="6" crap="6" count="3"/>
        <line num="182" type="stmt" count="3"/>
        <line num="183" type="stmt" count="1"/>
        <line num="186" type="stmt" count="3"/>
        <line num="187" type="stmt" count="3"/>
        <line num="188" type="stmt" count="3"/>
        <line num="190" type="stmt" count="3"/>
        <line num="191" type="stmt" count="3"/>
        <line num="192" type="stmt" count="2"/>
        <line num="196" type="stmt" count="2"/>
        <line num="202" type="method" name="validarCNPJ" visibility="private" complexity="7" crap="11.98" count="1"/>
        <line num="204" type="stmt" count="1"/>
        <line num="205" type="stmt" count="0"/>
        <line num="208" type="stmt" count="1"/>
        <line num="210" type="stmt" count="1"/>
        <line num="211" type="stmt" count="1"/>
        <line num="214" type="stmt" count="1"/>
        <line num="215" type="stmt" count="1"/>
        <line num="217" type="stmt" count="1"/>
        <line num="218" type="stmt" count="1"/>
        <line num="221" type="stmt" count="0"/>
        <line num="223" type="stmt" count="0"/>
        <line num="224" type="stmt" count="0"/>
        <line num="227" type="stmt" count="0"/>
        <line num="228" type="stmt" count="0"/>
        <line num="230" type="stmt" count="0"/>
        <line num="236" type="method" name="getTiposConsulta" visibility="public" complexity="1" crap="1" count="1"/>
        <line num="238" type="stmt" count="1"/>
        <line num="244" type="method" name="getTiposRetorno" visibility="public" complexity="1" crap="1" count="1"/>
        <line num="246" type="stmt" count="1"/>
        <metrics loc="249" ncloc="212" classes="1" methods="12" coveredmethods="7" conditionals="0" coveredconditionals="0" statements="88" coveredstatements="63" elements="100" coveredelements="70"/>
      </file>
    </package>
    <package name="Ferreiramg\TecnospeedSerasa">
      <file name="D:\serasa\src\TecnospeedSerasaServiceProvider.php">
        <class name="Ferreiramg\TecnospeedSerasa\TecnospeedSerasaServiceProvider" namespace="Ferreiramg\TecnospeedSerasa">
          <metrics complexity="3" methods="2" coveredmethods="2" conditionals="0" coveredconditionals="0" statements="14" coveredstatements="14" elements="16" coveredelements="16"/>
        </class>
        <line num="13" type="method" name="register" visibility="public" complexity="1" crap="1" count="41"/>
        <line num="15" type="stmt" count="41"/>
        <line num="16" type="stmt" count="41"/>
        <line num="17" type="stmt" count="41"/>
        <line num="18" type="stmt" count="41"/>
        <line num="20" type="stmt" count="41"/>
        <line num="21" type="stmt" count="2"/>
        <line num="22" type="stmt" count="2"/>
        <line num="23" type="stmt" count="2"/>
        <line num="24" type="stmt" count="41"/>
        <line num="26" type="stmt" count="41"/>
        <line num="32" type="method" name="boot" visibility="public" complexity="2" crap="2" count="41"/>
        <line num="34" type="stmt" count="41"/>
        <line num="35" type="stmt" count="41"/>
        <line num="36" type="stmt" count="41"/>
        <line num="37" type="stmt" count="41"/>
        <metrics loc="41" ncloc="35" classes="1" methods="2" coveredmethods="2" conditionals="0" coveredconditionals="0" statements="14" coveredstatements="14" elements="16" coveredelements="16"/>
      </file>
    </package>
    <metrics files="6" loc="517" ncloc="464" classes="6" methods="44" coveredmethods="38" conditionals="0" coveredconditionals="0" statements="154" coveredstatements="128" elements="198" coveredelements="166"/>
  </project>
</coverage>
